<?xml version="1.0" encoding="UTF-8"?>
<!-- Generated by org.testng.reporters.JUnitReportReporter -->
<testsuite skipped="0" hostname="Amit-Mahale" name="testcases.TestAdminPage" tests="3" failures="0" timestamp="2021-03-31T17:32:07 EDT" time="11.820" errors="0">
  <testcase name="verifyAfterLoginTest" time="7.485" classname="testcases.TestAdminPage"/>
  <system-out>
LOG:INFO-Type username LOG:INFO-Type password LOG:INFO-Click on button  </system-out>
  <testcase name="clickOnAdminLinkTest" time="4.224" classname="testcases.TestAdminPage"/>
  <system-out/>
  <testcase name="verifyLogoutTest" time="0.111" classname="testcases.TestAdminPage"/>
  <system-out/>
</testsuite> <!-- testcases.TestAdminPage -->
