<?xml version="1.0" encoding="UTF-8"?>
<!-- Generated by org.testng.reporters.JUnitReportReporter -->
<testsuite skipped="0" hostname="Amit-Mahale" name="testcases.TestAdminPage" tests="3" failures="0" timestamp="2021-03-17T22:31:31 EDT" time="6.101" errors="0">
  <testcase name="verifyAfterLoginTest" time="3.607" classname="testcases.TestAdminPage"/>
  <system-out>
LOG:INFO-Type username LOG:INFO-Type password LOG:INFO-Click on button  </system-out>
  <testcase name="clickOnAdminLinkTest" time="2.346" classname="testcases.TestAdminPage"/>
  <system-out/>
  <testcase name="verifyLogoutTest" time="0.148" classname="testcases.TestAdminPage"/>
  <system-out/>
</testsuite> <!-- testcases.TestAdminPage -->
