<?xml version="1.0" encoding="UTF-8"?>
<!-- Generated by org.testng.reporters.JUnitReportReporter -->
<testsuite skipped="0" hostname="Amit-Mahale" name="testcases.TestLoginPage" tests="5" failures="0" timestamp="2021-03-25T22:55:53 EDT" time="5.010" errors="0">
  <testcase name="verifyTitleTest" time="0.060" classname="testcases.TestLoginPage"/>
  <system-out/>
  <testcase name="verifySocialLinksTest" time="0.301" classname="testcases.TestLoginPage"/>
  <system-out/>
  <testcase name="loginTest" time="2.978" classname="testcases.TestLoginPage"/>
  <system-out>
LOG:INFO-Type username LOG:INFO-Type password LOG:INFO-Click on button  </system-out>
  <testcase name="logoutTest" time="1.612" classname="testcases.TestLoginPage"/>
  <system-out/>
  <testcase name="verifyLogoutTest" time="0.059" classname="testcases.TestLoginPage"/>
  <system-out/>
</testsuite> <!-- testcases.TestLoginPage -->
