<?xml version="1.0" encoding="UTF-8"?>
<!-- Generated by org.testng.reporters.JUnitReportReporter -->
<testsuite skipped="0" hostname="Amit-Mahale" name="testcases.LoginPageTest" tests="5" failures="0" timestamp="2021-03-15T22:39:07 EDT" time="5.507" errors="0">
  <testcase name="verifyTitleTest" time="0.086" classname="testcases.LoginPageTest"/>
  <system-out/>
  <testcase name="verifySocialLinksTest" time="0.285" classname="testcases.LoginPageTest"/>
  <system-out/>
  <testcase name="loginTest" time="3.419" classname="testcases.LoginPageTest"/>
  <system-out>
LOG:INFO-Type username LOG:INFO-Type password LOG:INFO-Click on button  </system-out>
  <testcase name="logoutTest" time="1.642" classname="testcases.LoginPageTest"/>
  <system-out/>
  <testcase name="verifyLogoutTest" time="0.075" classname="testcases.LoginPageTest"/>
  <system-out/>
</testsuite> <!-- testcases.LoginPageTest -->
