<?xml version="1.0" encoding="UTF-8"?>
<!-- Generated by org.testng.reporters.JUnitReportReporter -->
<testsuite skipped="0" hostname="Amit-Mahale" name="testcases.AdminPageTest" tests="3" failures="0" timestamp="2021-03-15T22:42:35 EDT" time="6.387" errors="0">
  <testcase name="verifyAfterLoginTest" time="3.693" classname="testcases.AdminPageTest"/>
  <system-out>
LOG:INFO-Type username LOG:INFO-Type password LOG:INFO-Click on button  </system-out>
  <testcase name="clickOnAdminLinkTest" time="2.305" classname="testcases.AdminPageTest"/>
  <system-out/>
  <testcase name="verifyLogoutTest" time="0.389" classname="testcases.AdminPageTest"/>
  <system-out/>
</testsuite> <!-- testcases.AdminPageTest -->
