<?xml version="1.0" encoding="UTF-8"?>
<!-- Generated by org.testng.reporters.JUnitReportReporter -->
<testsuite skipped="0" hostname="Amit-Mahale" name="testcases.SmokeTest" tests="1" failures="0" timestamp="2021-03-17T22:31:31 EDT" time="4.724" errors="0">
  <testcase name="validLogin" time="4.724" classname="testcases.SmokeTest"/>
  <system-out>
LOG:INFO-Type username LOG:INFO-Type password LOG:INFO-Click on button  </system-out>
</testsuite> <!-- testcases.SmokeTest -->
